[debug] [2023-05-23T18:29:12.648Z] ----------------------------------------------------------------------
[debug] [2023-05-23T18:29:12.650Z] Command:       C:\Program Files\nodejs\node.exe C:\Users\Tigran\AppData\Roaming\npm\node_modules\firebase-tools\lib\bin\firebase.js init functions
[debug] [2023-05-23T18:29:12.651Z] CLI Version:   12.1.0
[debug] [2023-05-23T18:29:12.651Z] Platform:      win32
[debug] [2023-05-23T18:29:12.652Z] Node Version:  v19.1.0
[debug] [2023-05-23T18:29:12.652Z] Time:          Tue May 23 2023 22:29:12 GMT+0400 (Armenia Standard Time)
[debug] [2023-05-23T18:29:12.652Z] ----------------------------------------------------------------------
[debug] 
[debug] [2023-05-23T18:29:12.728Z] > command requires scopes: ["email","openid","https://www.googleapis.com/auth/cloudplatformprojects.readonly","https://www.googleapis.com/auth/firebase","https://www.googleapis.com/auth/cloud-platform"]
[debug] [2023-05-23T18:29:12.728Z] > authorizing via signed-in user (reacriders@gmail.com)
[info] 
     ######## #### ########  ######## ########     ###     ######  ########
     ##        ##  ##     ## ##       ##     ##  ##   ##  ##       ##
     ######    ##  ########  ######   ########  #########  ######  ######
     ##        ##  ##    ##  ##       ##     ## ##     ##       ## ##
     ##       #### ##     ## ######## ########  ##     ##  ######  ########

You're about to initialize a Firebase project in this directory:

  C:\Users\Tigran

Before we get started, keep in mind:

  * You are initializing within an existing Firebase project directory

[info] 
=== Project Setup
[info] 
[info] First, let's associate this project directory with a Firebase project.
[info] You can create multiple project aliases by running firebase use --add, 
[info] but for now we'll just set up a default project.
[info] 
[debug] [2023-05-23T18:29:28.807Z] Using project from CLI flag: subs-624a0
[debug] [2023-05-23T18:29:28.809Z] > refreshing access token with scopes: []
[debug] [2023-05-23T18:29:28.811Z] >>> [apiv2][query] POST https://www.googleapis.com/oauth2/v3/token [none]
[debug] [2023-05-23T18:29:28.811Z] >>> [apiv2][body] POST https://www.googleapis.com/oauth2/v3/token [omitted]
[debug] [2023-05-23T18:29:29.245Z] <<< [apiv2][status] POST https://www.googleapis.com/oauth2/v3/token 200
[debug] [2023-05-23T18:29:29.246Z] <<< [apiv2][body] POST https://www.googleapis.com/oauth2/v3/token [omitted]
[debug] [2023-05-23T18:29:29.267Z] >>> [apiv2][query] GET https://firebase.googleapis.com/v1beta1/projects/subs-624a0 [none]
[debug] [2023-05-23T18:29:29.889Z] <<< [apiv2][status] GET https://firebase.googleapis.com/v1beta1/projects/subs-624a0 200
[debug] [2023-05-23T18:29:29.890Z] <<< [apiv2][body] GET https://firebase.googleapis.com/v1beta1/projects/subs-624a0 {"projectId":"subs-624a0","projectNumber":"610168319560","displayName":"SUBS","name":"projects/subs-624a0","resources":{"hostingSite":"subs-624a0","realtimeDatabaseInstance":"subs-624a0-default-rtdb"},"state":"ACTIVE","etag":"1_6b23bc2a-c840-4150-9b27-dd0b8e28997e"}
[info] i  Using project subs-624a0 (SUBS) 
[info] 
=== Functions Setup
[debug] [2023-05-23T18:29:29.909Z] > command requires scopes: ["email","openid","https://www.googleapis.com/auth/cloudplatformprojects.readonly","https://www.googleapis.com/auth/firebase","https://www.googleapis.com/auth/cloud-platform"]
[debug] [2023-05-23T18:29:29.909Z] > authorizing via signed-in user (reacriders@gmail.com)
[debug] [2023-05-23T18:29:29.910Z] [iam] checking project subs-624a0 for permissions ["firebase.projects.get"]
[debug] [2023-05-23T18:29:29.910Z] >>> [apiv2][query] POST https://cloudresourcemanager.googleapis.com/v1/projects/subs-624a0:testIamPermissions [none]
[debug] [2023-05-23T18:29:29.910Z] >>> [apiv2][(partial)header] POST https://cloudresourcemanager.googleapis.com/v1/projects/subs-624a0:testIamPermissions x-goog-quota-user=projects/subs-624a0
[debug] [2023-05-23T18:29:29.910Z] >>> [apiv2][body] POST https://cloudresourcemanager.googleapis.com/v1/projects/subs-624a0:testIamPermissions {"permissions":["firebase.projects.get"]}
[debug] [2023-05-23T18:29:31.170Z] <<< [apiv2][status] POST https://cloudresourcemanager.googleapis.com/v1/projects/subs-624a0:testIamPermissions 200
[debug] [2023-05-23T18:29:31.170Z] <<< [apiv2][body] POST https://cloudresourcemanager.googleapis.com/v1/projects/subs-624a0:testIamPermissions {"permissions":["firebase.projects.get"]}
[debug] [2023-05-23T18:29:31.171Z] >>> [apiv2][query] GET https://serviceusage.googleapis.com/v1/projects/subs-624a0/services/cloudfunctions.googleapis.com [none]
[debug] [2023-05-23T18:29:31.172Z] >>> [apiv2][(partial)header] GET https://serviceusage.googleapis.com/v1/projects/subs-624a0/services/cloudfunctions.googleapis.com x-goog-quota-user=projects/subs-624a0
[debug] [2023-05-23T18:29:31.176Z] >>> [apiv2][query] GET https://serviceusage.googleapis.com/v1/projects/subs-624a0/services/runtimeconfig.googleapis.com [none]
[debug] [2023-05-23T18:29:31.176Z] >>> [apiv2][(partial)header] GET https://serviceusage.googleapis.com/v1/projects/subs-624a0/services/runtimeconfig.googleapis.com x-goog-quota-user=projects/subs-624a0
[debug] [2023-05-23T18:29:32.557Z] <<< [apiv2][status] GET https://serviceusage.googleapis.com/v1/projects/subs-624a0/services/cloudfunctions.googleapis.com 200
[debug] [2023-05-23T18:29:32.557Z] <<< [apiv2][body] GET https://serviceusage.googleapis.com/v1/projects/subs-624a0/services/cloudfunctions.googleapis.com [omitted]
[debug] [2023-05-23T18:29:32.558Z] <<< [apiv2][status] GET https://serviceusage.googleapis.com/v1/projects/subs-624a0/services/runtimeconfig.googleapis.com 200
[debug] [2023-05-23T18:29:32.558Z] <<< [apiv2][body] GET https://serviceusage.googleapis.com/v1/projects/subs-624a0/services/runtimeconfig.googleapis.com [omitted]
[info] 
Detected existing codebase(s): default

[info] Let's create a new codebase for your functions.
[info] A directory corresponding to the codebase will be created in your project
[info] with sample code pre-configured.

[info] See https://firebase.google.com/docs/functions/organize-functions for
[info] more information on organizing your functions using codebases.

[info] Functions can be deployed with firebase deploy.

[debug] [2023-05-23T18:37:07.557Z] ----------------------------------------------------------------------
[debug] [2023-05-23T18:37:07.560Z] Command:       C:\Program Files\nodejs\node.exe C:\Users\Tigran\AppData\Roaming\npm\node_modules\firebase-tools\lib\bin\firebase.js init functions
[debug] [2023-05-23T18:37:07.561Z] CLI Version:   12.1.0
[debug] [2023-05-23T18:37:07.561Z] Platform:      win32
[debug] [2023-05-23T18:37:07.561Z] Node Version:  v19.1.0
[debug] [2023-05-23T18:37:07.562Z] Time:          Tue May 23 2023 22:37:07 GMT+0400 (Armenia Standard Time)
[debug] [2023-05-23T18:37:07.562Z] ----------------------------------------------------------------------
[debug] 
[debug] [2023-05-23T18:37:07.632Z] > command requires scopes: ["email","openid","https://www.googleapis.com/auth/cloudplatformprojects.readonly","https://www.googleapis.com/auth/firebase","https://www.googleapis.com/auth/cloud-platform"]
[debug] [2023-05-23T18:37:07.633Z] > authorizing via signed-in user (reacriders@gmail.com)
[info] 
     ######## #### ########  ######## ########     ###     ######  ########
     ##        ##  ##     ## ##       ##     ##  ##   ##  ##       ##
     ######    ##  ########  ######   ########  #########  ######  ######
     ##        ##  ##    ##  ##       ##     ## ##     ##       ## ##
     ##       #### ##     ## ######## ########  ##     ##  ######  ########

You're about to initialize a Firebase project in this directory:

  C:\Users\Tigran

Before we get started, keep in mind:

  * You are initializing within an existing Firebase project directory

[info] 
=== Project Setup
[info] 
[info] First, let's associate this project directory with a Firebase project.
[info] You can create multiple project aliases by running firebase use --add, 
[info] but for now we'll just set up a default project.
[info] 
[debug] [2023-05-23T18:37:10.711Z] Using project from CLI flag: subs-624a0
[debug] [2023-05-23T18:37:10.715Z] >>> [apiv2][query] GET https://firebase.googleapis.com/v1beta1/projects/subs-624a0 [none]
[debug] [2023-05-23T18:37:11.523Z] <<< [apiv2][status] GET https://firebase.googleapis.com/v1beta1/projects/subs-624a0 200
[debug] [2023-05-23T18:37:11.524Z] <<< [apiv2][body] GET https://firebase.googleapis.com/v1beta1/projects/subs-624a0 {"projectId":"subs-624a0","projectNumber":"610168319560","displayName":"SUBS","name":"projects/subs-624a0","resources":{"hostingSite":"subs-624a0","realtimeDatabaseInstance":"subs-624a0-default-rtdb"},"state":"ACTIVE","etag":"1_6b23bc2a-c840-4150-9b27-dd0b8e28997e"}
[info] i  Using project subs-624a0 (SUBS) 
[info] 
=== Functions Setup
[debug] [2023-05-23T18:37:11.532Z] > command requires scopes: ["email","openid","https://www.googleapis.com/auth/cloudplatformprojects.readonly","https://www.googleapis.com/auth/firebase","https://www.googleapis.com/auth/cloud-platform"]
[debug] [2023-05-23T18:37:11.533Z] > authorizing via signed-in user (reacriders@gmail.com)
[debug] [2023-05-23T18:37:11.533Z] [iam] checking project subs-624a0 for permissions ["firebase.projects.get"]
[debug] [2023-05-23T18:37:11.533Z] >>> [apiv2][query] POST https://cloudresourcemanager.googleapis.com/v1/projects/subs-624a0:testIamPermissions [none]
[debug] [2023-05-23T18:37:11.534Z] >>> [apiv2][(partial)header] POST https://cloudresourcemanager.googleapis.com/v1/projects/subs-624a0:testIamPermissions x-goog-quota-user=projects/subs-624a0
[debug] [2023-05-23T18:37:11.534Z] >>> [apiv2][body] POST https://cloudresourcemanager.googleapis.com/v1/projects/subs-624a0:testIamPermissions {"permissions":["firebase.projects.get"]}
[debug] [2023-05-23T18:37:12.567Z] <<< [apiv2][status] POST https://cloudresourcemanager.googleapis.com/v1/projects/subs-624a0:testIamPermissions 200
[debug] [2023-05-23T18:37:12.567Z] <<< [apiv2][body] POST https://cloudresourcemanager.googleapis.com/v1/projects/subs-624a0:testIamPermissions {"permissions":["firebase.projects.get"]}
[debug] [2023-05-23T18:37:12.568Z] >>> [apiv2][query] GET https://serviceusage.googleapis.com/v1/projects/subs-624a0/services/cloudfunctions.googleapis.com [none]
[debug] [2023-05-23T18:37:12.568Z] >>> [apiv2][(partial)header] GET https://serviceusage.googleapis.com/v1/projects/subs-624a0/services/cloudfunctions.googleapis.com x-goog-quota-user=projects/subs-624a0
[debug] [2023-05-23T18:37:12.571Z] >>> [apiv2][query] GET https://serviceusage.googleapis.com/v1/projects/subs-624a0/services/runtimeconfig.googleapis.com [none]
[debug] [2023-05-23T18:37:12.571Z] >>> [apiv2][(partial)header] GET https://serviceusage.googleapis.com/v1/projects/subs-624a0/services/runtimeconfig.googleapis.com x-goog-quota-user=projects/subs-624a0
[debug] [2023-05-23T18:37:14.483Z] <<< [apiv2][status] GET https://serviceusage.googleapis.com/v1/projects/subs-624a0/services/cloudfunctions.googleapis.com 200
[debug] [2023-05-23T18:37:14.484Z] <<< [apiv2][body] GET https://serviceusage.googleapis.com/v1/projects/subs-624a0/services/cloudfunctions.googleapis.com [omitted]
[debug] [2023-05-23T18:37:14.484Z] <<< [apiv2][status] GET https://serviceusage.googleapis.com/v1/projects/subs-624a0/services/runtimeconfig.googleapis.com 200
[debug] [2023-05-23T18:37:14.485Z] <<< [apiv2][body] GET https://serviceusage.googleapis.com/v1/projects/subs-624a0/services/runtimeconfig.googleapis.com [omitted]
[info] 
Detected existing codebase(s): default

